[debug] [2020-04-17T18:06:25.437Z] ----------------------------------------------------------------------
[debug] [2020-04-17T18:06:25.439Z] Command:       C:\Program Files\nodejs\node.exe C:\Users\Shafiq\AppData\Roaming\npm\node_modules\firebase-tools\lib\bin\firebase.js serve --only functions,hosting
[debug] [2020-04-17T18:06:25.439Z] CLI Version:   8.1.0
[debug] [2020-04-17T18:06:25.439Z] Platform:      win32
[debug] [2020-04-17T18:06:25.439Z] Node Version:  v12.14.1
[debug] [2020-04-17T18:06:25.440Z] Time:          Sat Apr 18 2020 02:06:25 GMT+0800 (Singapore Standard Time)
[debug] [2020-04-17T18:06:25.440Z] ----------------------------------------------------------------------
[debug] [2020-04-17T18:06:25.440Z] 
[debug] [2020-04-17T18:06:25.447Z] > command requires scopes: ["email","openid","https://www.googleapis.com/auth/cloudplatformprojects.readonly","https://www.googleapis.com/auth/firebase","https://www.googleapis.com/auth/cloud-platform"]
[debug] [2020-04-17T18:06:25.447Z] > authorizing via signed-in user
[debug] [2020-04-17T18:06:25.447Z] [iam] checking project carpool-world-5uck5 for permissions ["firebase.projects.get"]
[debug] [2020-04-17T18:06:25.450Z] >>> HTTP REQUEST POST https://cloudresourcemanager.googleapis.com/v1/projects/carpool-world-5uck5:testIamPermissions  
 {"permissions":["firebase.projects.get"]}
[debug] [2020-04-17T18:06:26.670Z] <<< HTTP RESPONSE 200 {"content-type":"application/json; charset=UTF-8","vary":"X-Origin, Referer, Origin,Accept-Encoding","date":"Fri, 17 Apr 2020 18:06:30 GMT","server":"ESF","cache-control":"private","x-xss-protection":"0","x-frame-options":"SAMEORIGIN","x-content-type-options":"nosniff","server-timing":"gfet4t7; dur=1156","alt-svc":"quic=\":443\"; ma=2592000; v=\"46,43\",h3-Q050=\":443\"; ma=2592000,h3-Q049=\":443\"; ma=2592000,h3-Q048=\":443\"; ma=2592000,h3-Q046=\":443\"; ma=2592000,h3-Q043=\":443\"; ma=2592000,h3-T050=\":443\"; ma=2592000","accept-ranges":"none","transfer-encoding":"chunked"}
[debug] [2020-04-17T18:06:26.671Z] >>> HTTP REQUEST GET https://firebase.googleapis.com/v1beta1/projects/carpool-world-5uck5  
 
[debug] [2020-04-17T18:06:27.011Z] <<< HTTP RESPONSE 200 {"content-type":"application/json; charset=UTF-8","vary":"X-Origin, Referer, Origin,Accept-Encoding","date":"Fri, 17 Apr 2020 18:06:30 GMT","server":"ESF","cache-control":"private","x-xss-protection":"0","x-frame-options":"SAMEORIGIN","x-content-type-options":"nosniff","alt-svc":"quic=\":443\"; ma=2592000; v=\"46,43\",h3-Q050=\":443\"; ma=2592000,h3-Q049=\":443\"; ma=2592000,h3-Q048=\":443\"; ma=2592000,h3-Q046=\":443\"; ma=2592000,h3-Q043=\":443\"; ma=2592000,h3-T050=\":443\"; ma=2592000","accept-ranges":"none","transfer-encoding":"chunked"}
[debug] [2020-04-17T18:06:27.013Z] >>> HTTP REQUEST GET https://firebase.googleapis.com/v1beta1/projects/carpool-world-5uck5/webApps/-/config  
 
[debug] [2020-04-17T18:06:28.003Z] <<< HTTP RESPONSE 200 {"content-type":"application/json; charset=UTF-8","vary":"X-Origin, Referer, Origin,Accept-Encoding","date":"Fri, 17 Apr 2020 18:06:31 GMT","server":"ESF","cache-control":"private","x-xss-protection":"0","x-frame-options":"SAMEORIGIN","x-content-type-options":"nosniff","alt-svc":"quic=\":443\"; ma=2592000; v=\"46,43\",h3-Q050=\":443\"; ma=2592000,h3-Q049=\":443\"; ma=2592000,h3-Q048=\":443\"; ma=2592000,h3-Q046=\":443\"; ma=2592000,h3-Q043=\":443\"; ma=2592000,h3-T050=\":443\"; ma=2592000","accept-ranges":"none","transfer-encoding":"chunked"}
[info] i  hosting: Serving hosting files from: public
[info] +  hosting: Local server: http://localhost:5000
[warn] !  Your requested "node" version "8" doesn't match your global version "12"
[info] +  functions: functions emulator started at http://localhost:5001
[info] i  functions: Watching "d:\GitHub\SIMRide\functions" for Cloud Functions...
[debug] [2020-04-17T18:06:29.036Z] [worker-pool] addWorker(~diagnostic~) 
[debug] [2020-04-17T18:06:29.036Z] [worker-pool] Adding worker with key ~diagnostic~, total=1 
[debug] [2020-04-17T18:06:29.037Z] [worker-pool] submitWork(triggerId=) 
[debug] [2020-04-17T18:06:29.037Z] [worker-~diagnostic~-93c32b47-e321-452a-abbe-b95e54a88194]: Assigning socketPath: \\?\pipe\d:\GitHub\SIMRide\functions\6708 
[debug] [2020-04-17T18:06:29.037Z] [worker-~diagnostic~-93c32b47-e321-452a-abbe-b95e54a88194]: BUSY 
[debug] [2020-04-17T18:06:29.334Z] [runtime-status] [6708] Functions runtime initialized. {"cwd":"d:\\GitHub\\SIMRide\\functions","node_version":"12.14.1"} 
[debug] [2020-04-17T18:06:29.334Z] [runtime-status] [6708] Disabled runtime features: undefined 
[debug] [2020-04-17T18:06:29.336Z] [runtime-status] [6708] Resolved module firebase-admin {"declared":true,"installed":true,"version":"8.10.0","resolution":"d:\\GitHub\\SIMRide\\functions\\node_modules\\firebase-admin\\lib\\index.js"} 
[debug] [2020-04-17T18:06:29.337Z] [runtime-status] [6708] Resolved module firebase-functions {"declared":true,"installed":true,"version":"3.6.0","resolution":"d:\\GitHub\\SIMRide\\functions\\node_modules\\firebase-functions\\lib\\index.js"} 
[debug] [2020-04-17T18:06:29.339Z] [runtime-status] [6708] Outgoing network have been stubbed. [{"name":"http","status":"mocked"},{"name":"http","status":"mocked"},{"name":"https","status":"mocked"},{"name":"https","status":"mocked"},{"name":"net","status":"mocked"}] 
[debug] [2020-04-17T18:06:29.368Z] [runtime-status] [6708] Checked functions.config() {"config":{}} 
[debug] [2020-04-17T18:06:29.369Z] [runtime-status] [6708] Resolved module firebase-functions {"declared":true,"installed":true,"version":"3.6.0","resolution":"d:\\GitHub\\SIMRide\\functions\\node_modules\\firebase-functions\\lib\\index.js"} 
[debug] [2020-04-17T18:06:29.370Z] [runtime-status] [6708] Resolved module firebase-admin {"declared":true,"installed":true,"version":"8.10.0","resolution":"d:\\GitHub\\SIMRide\\functions\\node_modules\\firebase-admin\\lib\\index.js"} 
[debug] [2020-04-17T18:06:29.370Z] [runtime-status] [6708] Resolved module firebase-functions {"declared":true,"installed":true,"version":"3.6.0","resolution":"d:\\GitHub\\SIMRide\\functions\\node_modules\\firebase-functions\\lib\\index.js"} 
[debug] [2020-04-17T18:06:29.370Z] [runtime-status] [6708] firebase-admin has been stubbed. {"adminResolution":{"declared":true,"installed":true,"version":"8.10.0","resolution":"d:\\GitHub\\SIMRide\\functions\\node_modules\\firebase-admin\\lib\\index.js"}} 
[info] +  functions[api1]: http function initialized (http://localhost:5001/carpool-world-5uck5/us-central1/api1).
[debug] [2020-04-17T18:06:29.443Z] [worker-~diagnostic~-93c32b47-e321-452a-abbe-b95e54a88194]: IDLE 
[info] [hosting] Rewriting /favicon.ico to http://localhost:5001/carpool-world-5uck5/us-central1/api1 for local Function api1
[debug] [2020-04-17T18:06:44.665Z] [work-queue] {"queueLength":1,"workRunningCount":0}
[debug] [2020-04-17T18:06:44.666Z] [work-queue] {"queueLength":0,"workRunningCount":1}
[debug] [2020-04-17T18:06:44.666Z] Accepted request GET /carpool-world-5uck5/us-central1/api1/favicon.ico --> api1
[debug] [2020-04-17T18:06:44.670Z] [worker-pool] addWorker(api1) 
[debug] [2020-04-17T18:06:44.670Z] [worker-pool] Adding worker with key api1, total=1 
[debug] [2020-04-17T18:06:44.670Z] [worker-pool] submitWork(triggerId=api1) 
[debug] [2020-04-17T18:06:44.670Z] [worker-api1-ca6fc0b5-4461-461e-92f7-271dc6ab8b65]: Assigning socketPath: \\?\pipe\d:\GitHub\SIMRide\functions\16112 
[debug] [2020-04-17T18:06:44.671Z] [worker-api1-ca6fc0b5-4461-461e-92f7-271dc6ab8b65]: BUSY 
[debug] [2020-04-17T18:06:44.976Z] [runtime-status] [16112] Functions runtime initialized. {"cwd":"d:\\GitHub\\SIMRide\\functions","node_version":"12.14.1"} 
[debug] [2020-04-17T18:06:44.978Z] [runtime-status] [16112] Disabled runtime features: undefined 
[debug] [2020-04-17T18:06:44.979Z] [runtime-status] [16112] Resolved module firebase-admin {"declared":true,"installed":true,"version":"8.10.0","resolution":"d:\\GitHub\\SIMRide\\functions\\node_modules\\firebase-admin\\lib\\index.js"} 
[debug] [2020-04-17T18:06:44.981Z] [runtime-status] [16112] Resolved module firebase-functions {"declared":true,"installed":true,"version":"3.6.0","resolution":"d:\\GitHub\\SIMRide\\functions\\node_modules\\firebase-functions\\lib\\index.js"} 
[debug] [2020-04-17T18:06:44.982Z] [runtime-status] [16112] Outgoing network have been stubbed. [{"name":"http","status":"mocked"},{"name":"http","status":"mocked"},{"name":"https","status":"mocked"},{"name":"https","status":"mocked"},{"name":"net","status":"mocked"}] 
[debug] [2020-04-17T18:06:45.012Z] [runtime-status] [16112] Checked functions.config() {"config":{}} 
[debug] [2020-04-17T18:06:45.012Z] [runtime-status] [16112] Resolved module firebase-functions {"declared":true,"installed":true,"version":"3.6.0","resolution":"d:\\GitHub\\SIMRide\\functions\\node_modules\\firebase-functions\\lib\\index.js"} 
[debug] [2020-04-17T18:06:45.013Z] [runtime-status] [16112] Resolved module firebase-admin {"declared":true,"installed":true,"version":"8.10.0","resolution":"d:\\GitHub\\SIMRide\\functions\\node_modules\\firebase-admin\\lib\\index.js"} 
[debug] [2020-04-17T18:06:45.014Z] [runtime-status] [16112] Resolved module firebase-functions {"declared":true,"installed":true,"version":"3.6.0","resolution":"d:\\GitHub\\SIMRide\\functions\\node_modules\\firebase-functions\\lib\\index.js"} 
[debug] [2020-04-17T18:06:45.014Z] [runtime-status] [16112] firebase-admin has been stubbed. {"adminResolution":{"declared":true,"installed":true,"version":"8.10.0","resolution":"d:\\GitHub\\SIMRide\\functions\\node_modules\\firebase-admin\\lib\\index.js"}} 
[debug] [2020-04-17T18:06:45.088Z] [runtime-status] [16112] Trigger "api1" has been found, beginning invocation! 
[info] i  functions: Beginning execution of "api1"
[debug] [2020-04-17T18:06:45.089Z] [runtime-status] [16112] triggerDefinition {"httpsTrigger":{},"name":"api1","entryPoint":"api1"} 
[debug] [2020-04-17T18:06:45.089Z] [runtime-status] [16112] Running api1 in mode HTTPS 
[debug] [2020-04-17T18:06:45.091Z] [runtime-status] [16112] Attempting to listen to socketPath: \\?\pipe\d:\GitHub\SIMRide\functions\16112 
[debug] [2020-04-17T18:06:45.094Z] [functions] Runtime ready! Sending request! 
[debug] [2020-04-17T18:06:45.100Z] [runtime-status] [16112] Ephemeral server handling GET request 
[debug] [2020-04-17T18:06:45.105Z] [runtime-status] [16112] Ephemeral server survived. 
[info] i  functions: Finished "api1" in ~1s
[debug] [2020-04-17T18:06:45.110Z] [worker-api1-ca6fc0b5-4461-461e-92f7-271dc6ab8b65]: IDLE 
[debug] [2020-04-17T18:06:45.110Z] [work-queue] {"queueLength":0,"workRunningCount":0}
